<testsuites id="" name="" tests="6" failures="4" skipped="0" errors="0" time="2.348241">
<testsuite name="auth-mock.spec.ts" timestamp="2025-07-19T16:42:05.467Z" hostname="chromium" tests="6" failures="4" skipped="0" time="1.748" errors="0">
<testcase name="Authentication Mock Infrastructure › should create mock user with correct properties" classname="auth-mock.spec.ts" time="0.163">
</testcase>
<testcase name="Authentication Mock Infrastructure › should create mock session with valid tokens" classname="auth-mock.spec.ts" time="0.136">
</testcase>
<testcase name="Authentication Mock Infrastructure › should mock authentication API responses" classname="auth-mock.spec.ts" time="0.439">
<failure message="auth-mock.spec.ts:26:7 should mock authentication API responses" type="FAILURE">
<![CDATA[  [chromium] › auth-mock.spec.ts:26:7 › Authentication Mock Infrastructure › should mock authentication API responses 

    Error: apiRequestContext.get: connect ECONNREFUSED ::1:54321
    Call log:
      - → GET http://localhost:54321/auth/v1/user
        - user-agent: Mozilla/5.0 (Windows NT 10.0; Win64; x64) AppleWebKit/537.36 (KHTML, like Gecko) Chrome/139.0.7258.5 Safari/537.36
        - accept: */*
        - accept-encoding: gzip,deflate,br
        - Authorization: Bearer test-token

        at apiRequestContext.get: connect ECONNREFUSED ::1:54321
        at /workspace/apps/e2e-main/tests/auth-mock.spec.ts:34:41

    attachment #1: screenshot (image/png) ──────────────────────────────────────────────────────────
    ../test-results/auth-mock-Authentication-M-f53f5-uthentication-API-responses-chromium/test-failed-1.png
    ────────────────────────────────────────────────────────────────────────────────────────────────

    attachment #2: video (video/webm) ──────────────────────────────────────────────────────────────
    ../test-results/auth-mock-Authentication-M-f53f5-uthentication-API-responses-chromium/video.webm
    ────────────────────────────────────────────────────────────────────────────────────────────────
]]>
</failure>
<system-out>
<![CDATA[
[[ATTACHMENT|auth-mock-Authentication-M-f53f5-uthentication-API-responses-chromium/test-failed-1.png]]

[[ATTACHMENT|auth-mock-Authentication-M-f53f5-uthentication-API-responses-chromium/video.webm]]
]]>
</system-out>
</testcase>
<testcase name="Authentication Mock Infrastructure › should mock OAuth flow responses" classname="auth-mock.spec.ts" time="0.417">
<failure message="auth-mock.spec.ts:46:7 should mock OAuth flow responses" type="FAILURE">
<![CDATA[  [chromium] › auth-mock.spec.ts:46:7 › Authentication Mock Infrastructure › should mock OAuth flow responses 

    Error: apiRequestContext.get: connect ECONNREFUSED ::1:54321
    Call log:
      - → GET http://localhost:54321/auth/v1/authorize?provider=google
        - user-agent: Mozilla/5.0 (Windows NT 10.0; Win64; x64) AppleWebKit/537.36 (KHTML, like Gecko) Chrome/139.0.7258.5 Safari/537.36
        - accept: */*
        - accept-encoding: gzip,deflate,br

        at apiRequestContext.get: connect ECONNREFUSED ::1:54321
        at /workspace/apps/e2e-main/tests/auth-mock.spec.ts:54:41

    attachment #1: screenshot (image/png) ──────────────────────────────────────────────────────────
    ../test-results/auth-mock-Authentication-M-9f776-d-mock-OAuth-flow-responses-chromium/test-failed-1.png
    ────────────────────────────────────────────────────────────────────────────────────────────────

    attachment #2: video (video/webm) ──────────────────────────────────────────────────────────────
    ../test-results/auth-mock-Authentication-M-9f776-d-mock-OAuth-flow-responses-chromium/video.webm
    ────────────────────────────────────────────────────────────────────────────────────────────────
]]>
</failure>
<system-out>
<![CDATA[
[[ATTACHMENT|auth-mock-Authentication-M-9f776-d-mock-OAuth-flow-responses-chromium/test-failed-1.png]]

[[ATTACHMENT|auth-mock-Authentication-M-9f776-d-mock-OAuth-flow-responses-chromium/video.webm]]
]]>
</system-out>
</testcase>
<testcase name="Authentication Mock Infrastructure › should mock authentication failures" classname="auth-mock.spec.ts" time="0.443">
<failure message="auth-mock.spec.ts:60:7 should mock authentication failures" type="FAILURE">
<![CDATA[  [chromium] › auth-mock.spec.ts:60:7 › Authentication Mock Infrastructure › should mock authentication failures 

    Error: apiRequestContext.get: connect ECONNREFUSED ::1:54321
    Call log:
      - → GET http://localhost:54321/auth/v1/user
        - user-agent: Mozilla/5.0 (Windows NT 10.0; Win64; x64) AppleWebKit/537.36 (KHTML, like Gecko) Chrome/139.0.7258.5 Safari/537.36
        - accept: */*
        - accept-encoding: gzip,deflate,br
        - Authorization: Bearer invalid-token

        at apiRequestContext.get: connect ECONNREFUSED ::1:54321
        at /workspace/apps/e2e-main/tests/auth-mock.spec.ts:67:41

    attachment #1: screenshot (image/png) ──────────────────────────────────────────────────────────
    ../test-results/auth-mock-Authentication-M-d4abb-ock-authentication-failures-chromium/test-failed-1.png
    ────────────────────────────────────────────────────────────────────────────────────────────────

    attachment #2: video (video/webm) ──────────────────────────────────────────────────────────────
    ../test-results/auth-mock-Authentication-M-d4abb-ock-authentication-failures-chromium/video.webm
    ────────────────────────────────────────────────────────────────────────────────────────────────
]]>
</failure>
<system-out>
<![CDATA[
[[ATTACHMENT|auth-mock-Authentication-M-d4abb-ock-authentication-failures-chromium/test-failed-1.png]]

[[ATTACHMENT|auth-mock-Authentication-M-d4abb-ock-authentication-failures-chromium/video.webm]]
]]>
</system-out>
</testcase>
<testcase name="Authentication Mock Infrastructure › should set and clear browser authentication state" classname="auth-mock.spec.ts" time="0.15">
<failure message="auth-mock.spec.ts:79:7 should set and clear browser authentication state" type="FAILURE">
<![CDATA[  [chromium] › auth-mock.spec.ts:79:7 › Authentication Mock Infrastructure › should set and clear browser authentication state 

    Error: page.evaluate: SecurityError: Failed to read the 'localStorage' property from 'Window': Access is denied for this document.
        at UtilityScript.evaluate (<anonymous>:293:16)
        at UtilityScript.<anonymous> (<anonymous>:1:44)
        at UtilityScript.evaluate (<anonymous>:293:16)
        at UtilityScript.<anonymous> (<anonymous>:1:44)
        at /workspace/apps/e2e-main/tests/auth-mock.spec.ts:87:38

    attachment #1: screenshot (image/png) ──────────────────────────────────────────────────────────
    ../test-results/auth-mock-Authentication-M-21743-rowser-authentication-state-chromium/test-failed-1.png
    ────────────────────────────────────────────────────────────────────────────────────────────────

    attachment #2: video (video/webm) ──────────────────────────────────────────────────────────────
    ../test-results/auth-mock-Authentication-M-21743-rowser-authentication-state-chromium/video.webm
    ────────────────────────────────────────────────────────────────────────────────────────────────
]]>
</failure>
<system-out>
<![CDATA[
[[ATTACHMENT|auth-mock-Authentication-M-21743-rowser-authentication-state-chromium/test-failed-1.png]]

[[ATTACHMENT|auth-mock-Authentication-M-21743-rowser-authentication-state-chromium/video.webm]]
]]>
</system-out>
</testcase>
</testsuite>
</testsuites>